#
# A fatal error has been detected by the Java Runtime Environment:
#
#  SIGSEGV (0xb) at pc=0x0000000105f3f37c, pid=1280, tid=16643
#
# JRE version: Java(TM) SE Runtime Environment (7.0_51-b13) (build 1.7.0_51-b13)
# Java VM: Java HotSpot(TM) 64-Bit Server VM (24.51-b03 mixed mode bsd-amd64 compressed oops)
# Problematic frame:
# V  [libjvm.dylib+0x33337c]
#
# Failed to write core dump. Core dumps have been disabled. To enable core dumping, try "ulimit -c unlimited" before starting Java again
#
# If you would like to submit a bug report, please visit:
#   http://bugreport.sun.com/bugreport/crash.jsp
#

---------------  T H R E A D  ---------------

Current thread (0x00007fd752059000):  JavaThread "JDWP Transport Listener: dt_socket" daemon [_thread_in_vm, id=16643, stack(0x00000001121c5000,0x00000001122c5000)]

siginfo:si_signo=SIGSEGV: si_errno=0, si_code=0 (SEGV0), si_addr=0x0000000000000000

Registers:
RAX=0x0000000000000001, RBX=0x00000001122c4a8b, RCX=0x00000000000fc080, RDX=0x00000001122c4a8b
RSP=0x00000001122c49f0, RBP=0x00000001122c4a40, RSI=0x00007fd752059000, RDI=0x00007fd750f0c510
R8 =0x0000000000000002, R9 =0x00007fd750f00000, R10=0x0000000000000020, R11=0x00007fd750f00000
R12=0x00007fd752059000, R13=0x696e2f6176616a4c, R14=0x696e2f6176616a4c, R15=0x00007fd750f0c510
RIP=0x0000000105f3f37c, EFLAGS=0x0000000000010202, ERR=0x0000000000000000
  TRAPNO=0x000000000000000d

Top of Stack: (sp=0x00000001122c49f0)
0x00000001122c49f0:   00007fd752059000 0000000000000000
0x00000001122c4a00:   0000000000000000 0000000000000000
0x00000001122c4a10:   00007fd752059000 00007fd752059000
0x00000001122c4a20:   00000001122c4a8b 00000001122c4a90
0x00000001122c4a30:   696e2f6176616a4c 0000000000000004
0x00000001122c4a40:   00000001122c4a60 00000001067d71f8
0x00000001122c4a50:   0000000000000001 00000001122c4b08
0x00000001122c4a60:   00000001122c4ad0 00000001067bc02b
0x00000001122c4a70:   00000001122c4aa0 00007fd750f23e30
0x00000001122c4a80:   0000000500000032 0000000a002c4b08
0x00000001122c4a90:   0000000000000000 0000000000000000
0x00000001122c4aa0:   0000000000000000 00000001122c4c90
0x00000001122c4ab0:   00000001067dedc0 00007fd750f13940
0x00000001122c4ac0:   00000001122c4b08 00000001067ea578
0x00000001122c4ad0:   00000001122c4ae0 00000001067bc124
0x00000001122c4ae0:   00000001122c4d00 00000001067c56b2
0x00000001122c4af0:   0000072700000013 00000000000f0200
0x00000001122c4b00:   00007fd750f13990 00000001122c4c82
0x00000001122c4b10:   00007fd700000002 00000001122c4b20
0x00000001122c4b20:   00007fd70000012a 00000001122c4b58
0x00000001122c4b30:   0000000000000000 00007f0000000000
0x00000001122c4b40:   000007270000001c 00007fff00000f80
0x00000001122c4b50:   00000001122c4b58 d77f000005000000
0x00000001122c4b60:   06000000282ae150 00003e74696e693c
0x00000001122c4b70:   0000005629280300 7f00000100000000
0x00000001122c4b80:   000000a0fcf150d7 6f636e4978616d0a
0x00000001122c4b90:   280500000067746e 000000004929495b
0x00000001122c4ba0:   d77f00000a000000 030000002867e250
0x00000001122c4bb0:   281600000078616d 2f6176616a4c495b
0x00000001122c4bc0:   70614d2f6c697475 000000492949493b
0x00000001122c4bd0:   76616a4c495b283e 4d2f6c6974752f61
0x00000001122c4be0:   6176616a4c3c7061 6e492f676e616c2f 

Instructions: (pc=0x0000000105f3f37c)
0x0000000105f3f35c:   00 00 00 41 f6 87 68 01 00 00 10 75 07 b8 63 00
0x0000000105f3f36c:   00 00 eb 7a 4d 85 f6 75 07 b8 17 00 00 00 eb 6e
0x0000000105f3f37c:   4d 8b 36 48 b8 fe fe fe fe fe fe fe fe 49 39 c6
0x0000000105f3f38c:   74 e7 4d 85 f6 74 e2 48 8d 05 f6 f8 4c 00 80 38 

Register to memory mapping:

RAX=0x0000000000000001 is an unknown value
RBX=0x00000001122c4a8b is pointing into the stack for thread: 0x00007fd752059000
RCX=0x00000000000fc080 is an unknown value
RDX=0x00000001122c4a8b is pointing into the stack for thread: 0x00007fd752059000
RSP=0x00000001122c49f0 is pointing into the stack for thread: 0x00007fd752059000
RBP=0x00000001122c4a40 is pointing into the stack for thread: 0x00007fd752059000
RSI=0x00007fd752059000 is a thread
RDI=0x00007fd750f0c510 is an unknown value
R8 =0x0000000000000002 is an unknown value
R9 =0x00007fd750f00000 is an unknown value
R10=0x0000000000000020 is an unknown value
R11=0x00007fd750f00000 is an unknown value
R12=0x00007fd752059000 is a thread
R13=0x696e2f6176616a4c is an unknown value
R14=0x696e2f6176616a4c is an unknown value
R15=0x00007fd750f0c510 is an unknown value


Stack: [0x00000001121c5000,0x00000001122c5000],  sp=0x00000001122c49f0,  free space=1022k
Native frames: (J=compiled Java code, j=interpreted, Vv=VM code, C=native code)
V  [libjvm.dylib+0x33337c]
C  [libjdwp.dylib+0x201f8]  isMethodSynthetic+0x63
C  [libjdwp.dylib+0x502b]  methods1+0x10b
C  [libjdwp.dylib+0x5124]  methodsWithGeneric+0xe
C  [libjdwp.dylib+0xe6b2]  debugLoop_run+0x1ce
C  [libjdwp.dylib+0x1f132]  attachThread+0x4d
V  [libjvm.dylib+0x373f9e]
V  [libjvm.dylib+0x4efb57]
V  [libjvm.dylib+0x4f125f]
V  [libjvm.dylib+0x41b1d6]
C  [libsystem_pthread.dylib+0x3268]  _pthread_body+0x83
C  [libsystem_pthread.dylib+0x31e5]  _pthread_body+0x0
C  [libsystem_pthread.dylib+0x141d]  thread_start+0xd


---------------  P R O C E S S  ---------------

Java Threads: ( => current thread )
  0x00007fd75205a000 JavaThread "Service Thread" daemon [_thread_blocked, id=19203, stack(0x00000001126d4000,0x00000001127d4000)]
  0x00007fd751026000 JavaThread "C2 CompilerThread1" daemon [_thread_blocked, id=18691, stack(0x00000001125d1000,0x00000001126d1000)]
  0x00007fd751025800 JavaThread "C2 CompilerThread0" daemon [_thread_blocked, id=18179, stack(0x00000001124ce000,0x00000001125ce000)]
  0x00007fd751024800 JavaThread "JDWP Command Reader" daemon [_thread_in_native, id=17667, stack(0x00000001123cb000,0x00000001124cb000)]
  0x00007fd751814000 JavaThread "JDWP Event Helper Thread" daemon [_thread_blocked, id=17155, stack(0x00000001122c8000,0x00000001123c8000)]
=>0x00007fd752059000 JavaThread "JDWP Transport Listener: dt_socket" daemon [_thread_in_vm, id=16643, stack(0x00000001121c5000,0x00000001122c5000)]
  0x00007fd752046000 JavaThread "Signal Dispatcher" daemon [_thread_blocked, id=16151, stack(0x00000001120bc000,0x00000001121bc000)]
  0x00007fd752044000 JavaThread "Finalizer" daemon [_thread_blocked, id=11523, stack(0x000000011077b000,0x000000011087b000)]
  0x00007fd752041800 JavaThread "Reference Handler" daemon [_thread_blocked, id=11011, stack(0x0000000110678000,0x0000000110778000)]
  0x00007fd751006000 JavaThread "main" [_thread_in_native, id=4867, stack(0x0000000106677000,0x0000000106777000)]

Other Threads:
  0x00007fd752041000 VMThread [stack: 0x0000000110575000,0x0000000110675000] [id=10499]
  0x00007fd75206b800 WatcherThread [stack: 0x00000001127d7000,0x00000001128d7000] [id=19715]

VM state:not at safepoint (normal execution)

VM Mutex/Monitor currently owned by a thread: None

Heap
 PSYoungGen      total 38912K, used 2027K [0x00000007d5500000, 0x00000007d8000000, 0x0000000800000000)
  eden space 33792K, 6% used [0x00000007d5500000,0x00000007d56faec8,0x00000007d7600000)
  from space 5120K, 0% used [0x00000007d7b00000,0x00000007d7b00000,0x00000007d8000000)
  to   space 5120K, 0% used [0x00000007d7600000,0x00000007d7600000,0x00000007d7b00000)
 ParOldGen       total 87040K, used 0K [0x0000000780000000, 0x0000000785500000, 0x00000007d5500000)
  object space 87040K, 0% used [0x0000000780000000,0x0000000780000000,0x0000000785500000)
 PSPermGen       total 21504K, used 3249K [0x000000077ae00000, 0x000000077c300000, 0x0000000780000000)
  object space 21504K, 15% used [0x000000077ae00000,0x000000077b12c7e8,0x000000077c300000)

Card table byte_map: [0x000000010a0d1000,0x000000010a4fb000] byte_map_base: 0x00000001064fa000

Polling page: 0x00000001067b6000

Code Cache  [0x0000000107011000, 0x0000000107281000, 0x000000010a011000)
 total_blobs=184 nmethods=2 adapters=145 free_code_cache=48766Kb largest_free_block=49916672

Compilation events (4 events):
Event: 0.136 Thread 0x00007fd751025800    1             java.lang.String::hashCode (55 bytes)
Event: 0.138 Thread 0x00007fd751026000    2             java.lang.String::indexOf (70 bytes)
Event: 0.141 Thread 0x00007fd751025800 nmethod 1 0x0000000107074850 code [0x00000001070749a0, 0x0000000107074b38]
Event: 0.141 Thread 0x00007fd751026000 nmethod 2 0x0000000107072690 code [0x00000001070727e0, 0x00000001070729c8]

GC Heap History (0 events):
No events

Deoptimization events (0 events):
No events

Internal exceptions (6 events):
Event: 0.026 Thread 0x00007fd751006000 Threw 0x00000007d5510658 at /HUDSON/workspace/7u-2-build-macosx-x86_64/jdk7u51/527/hotspot/src/share/vm/prims/jni.cpp:3991
Event: 0.124 Thread 0x00007fd751006000 Threw 0x00000007d5559ee0 at /HUDSON/workspace/7u-2-build-macosx-x86_64/jdk7u51/527/hotspot/src/share/vm/prims/jvm.cpp:1244
Event: 0.137 Thread 0x00007fd751006000 Threw 0x00000007d557f518 at /HUDSON/workspace/7u-2-build-macosx-x86_64/jdk7u51/527/hotspot/src/share/vm/prims/jvm.cpp:1244
Event: 0.137 Thread 0x00007fd751006000 Threw 0x00000007d557f640 at /HUDSON/workspace/7u-2-build-macosx-x86_64/jdk7u51/527/hotspot/src/share/vm/prims/jvm.cpp:1244
Event: 0.138 Thread 0x00007fd751006000 Threw 0x00000007d5582710 at /HUDSON/workspace/7u-2-build-macosx-x86_64/jdk7u51/527/hotspot/src/share/vm/prims/jvm.cpp:1244
Event: 0.138 Thread 0x00007fd751006000 Threw 0x00000007d5582838 at /HUDSON/workspace/7u-2-build-macosx-x86_64/jdk7u51/527/hotspot/src/share/vm/prims/jvm.cpp:1244

Events (10 events):
Event: 434.250 Executing VM operation: ChangeBreakpoints
Event: 434.250 Executing VM operation: ChangeBreakpoints done
Event: 522.852 Executing VM operation: RedefineClasses
Event: 522.852 Executing VM operation: RedefineClasses done
Event: 522.874 Executing VM operation: ChangeBreakpoints
Event: 522.874 Executing VM operation: ChangeBreakpoints done
Event: 586.474 Executing VM operation: RedefineClasses
Event: 586.474 Executing VM operation: RedefineClasses done
Event: 622.937 Executing VM operation: RedefineClasses
Event: 622.937 Executing VM operation: RedefineClasses done


Dynamic libraries:
0x0000000005ad0000 	/System/Library/Frameworks/Cocoa.framework/Versions/A/Cocoa
0x0000000005ad0000 	/System/Library/Frameworks/Security.framework/Versions/A/Security
0x0000000005ad0000 	/System/Library/Frameworks/ApplicationServices.framework/Versions/A/ApplicationServices
0x0000000005ad0000 	/usr/lib/libz.1.dylib
0x0000000005ad0000 	/usr/lib/libSystem.B.dylib
0x0000000005ad0000 	/usr/lib/libobjc.A.dylib
0x0000000005ad0000 	/System/Library/Frameworks/CoreFoundation.framework/Versions/A/CoreFoundation
0x0000000005ad0000 	/System/Library/Frameworks/Foundation.framework/Versions/C/Foundation
0x0000000005ad0000 	/System/Library/Frameworks/AppKit.framework/Versions/C/AppKit
0x0000000005ad0000 	/System/Library/Frameworks/CoreData.framework/Versions/A/CoreData
0x0000000005ad0000 	/System/Library/PrivateFrameworks/RemoteViewServices.framework/Versions/A/RemoteViewServices
0x0000000005ad0000 	/System/Library/PrivateFrameworks/UIFoundation.framework/Versions/A/UIFoundation
0x0000000005ad0000 	/System/Library/Frameworks/IOSurface.framework/Versions/A/IOSurface
0x0000000005ad0000 	/System/Library/Frameworks/AudioToolbox.framework/Versions/A/AudioToolbox
0x0000000005ad0000 	/System/Library/Frameworks/AudioUnit.framework/Versions/A/AudioUnit
0x0000000005ad0000 	/System/Library/PrivateFrameworks/DataDetectorsCore.framework/Versions/A/DataDetectorsCore
0x0000000005ad0000 	/System/Library/PrivateFrameworks/DesktopServicesPriv.framework/Versions/A/DesktopServicesPriv
0x0000000005ad0000 	/System/Library/Frameworks/Carbon.framework/Versions/A/Frameworks/HIToolbox.framework/Versions/A/HIToolbox
0x0000000005ad0000 	/System/Library/Frameworks/QuartzCore.framework/Versions/A/QuartzCore
0x0000000005ad0000 	/System/Library/Frameworks/Carbon.framework/Versions/A/Frameworks/SpeechRecognition.framework/Versions/A/SpeechRecognition
0x0000000005ad0000 	/usr/lib/libauto.dylib
0x0000000005ad0000 	/usr/lib/libicucore.A.dylib
0x0000000005ad0000 	/usr/lib/libxml2.2.dylib
0x0000000005ad0000 	/System/Library/PrivateFrameworks/CoreUI.framework/Versions/A/CoreUI
0x0000000005ad0000 	/System/Library/Frameworks/CoreAudio.framework/Versions/A/CoreAudio
0x0000000005ad0000 	/System/Library/Frameworks/DiskArbitration.framework/Versions/A/DiskArbitration
0x0000000005ad0000 	/usr/lib/liblangid.dylib
0x0000000005ad0000 	/System/Library/PrivateFrameworks/MultitouchSupport.framework/Versions/A/MultitouchSupport
0x0000000005ad0000 	/System/Library/Frameworks/IOKit.framework/Versions/A/IOKit
0x0000000005ad0000 	/usr/lib/libDiagnosticMessagesClient.dylib
0x0000000005ad0000 	/System/Library/Frameworks/CoreServices.framework/Versions/A/CoreServices
0x0000000005ad0000 	/System/Library/PrivateFrameworks/PerformanceAnalysis.framework/Versions/A/PerformanceAnalysis
0x0000000005ad0000 	/System/Library/PrivateFrameworks/GenerationalStorage.framework/Versions/A/GenerationalStorage
0x0000000005ad0000 	/System/Library/Frameworks/OpenGL.framework/Versions/A/OpenGL
0x0000000005ad0000 	/System/Library/PrivateFrameworks/Sharing.framework/Versions/A/Sharing
0x0000000005ad0000 	/System/Library/Frameworks/CoreGraphics.framework/Versions/A/CoreGraphics
0x0000000005ad0000 	/System/Library/Frameworks/CoreText.framework/Versions/A/CoreText
0x0000000005ad0000 	/System/Library/Frameworks/ImageIO.framework/Versions/A/ImageIO
0x0000000005ad0000 	/usr/lib/libextension.dylib
0x0000000005ad0000 	/System/Library/PrivateFrameworks/Backup.framework/Versions/A/Backup
0x0000000005ad0000 	/usr/lib/libarchive.2.dylib
0x0000000005ad0000 	/System/Library/Frameworks/CFNetwork.framework/Versions/A/CFNetwork
0x0000000005ad0000 	/System/Library/Frameworks/SystemConfiguration.framework/Versions/A/SystemConfiguration
0x0000000005ad0000 	/usr/lib/libCRFSuite.dylib
0x0000000005ad0000 	/usr/lib/libc++.1.dylib
0x0000000005ad0000 	/usr/lib/libc++abi.dylib
0x0000000005ad0000 	/usr/lib/system/libcache.dylib
0x0000000005ad0000 	/usr/lib/system/libcommonCrypto.dylib
0x0000000005ad0000 	/usr/lib/system/libcompiler_rt.dylib
0x0000000005ad0000 	/usr/lib/system/libcopyfile.dylib
0x0000000005ad0000 	/usr/lib/system/libcorecrypto.dylib
0x0000000005ad0000 	/usr/lib/system/libdispatch.dylib
0x0000000005ad0000 	/usr/lib/system/libdyld.dylib
0x0000000005ad0000 	/usr/lib/system/libkeymgr.dylib
0x0000000005ad0000 	/usr/lib/system/liblaunch.dylib
0x0000000005ad0000 	/usr/lib/system/libmacho.dylib
0x0000000005ad0000 	/usr/lib/system/libquarantine.dylib
0x0000000005ad0000 	/usr/lib/system/libremovefile.dylib
0x0000000005ad0000 	/usr/lib/system/libsystem_asl.dylib
0x0000000005ad0000 	/usr/lib/system/libsystem_blocks.dylib
0x0000000005ad0000 	/usr/lib/system/libsystem_c.dylib
0x0000000005ad0000 	/usr/lib/system/libsystem_configuration.dylib
0x0000000005ad0000 	/usr/lib/system/libsystem_coreservices.dylib
0x0000000005ad0000 	/usr/lib/system/libsystem_coretls.dylib
0x0000000005ad0000 	/usr/lib/system/libsystem_dnssd.dylib
0x0000000005ad0000 	/usr/lib/system/libsystem_info.dylib
0x0000000005ad0000 	/usr/lib/system/libsystem_kernel.dylib
0x0000000005ad0000 	/usr/lib/system/libsystem_m.dylib
0x0000000005ad0000 	/usr/lib/system/libsystem_malloc.dylib
0x0000000005ad0000 	/usr/lib/system/libsystem_network.dylib
0x0000000005ad0000 	/usr/lib/system/libsystem_networkextension.dylib
0x0000000005ad0000 	/usr/lib/system/libsystem_notify.dylib
0x0000000005ad0000 	/usr/lib/system/libsystem_platform.dylib
0x0000000005ad0000 	/usr/lib/system/libsystem_pthread.dylib
0x0000000005ad0000 	/usr/lib/system/libsystem_sandbox.dylib
0x0000000005ad0000 	/usr/lib/system/libsystem_secinit.dylib
0x0000000005ad0000 	/usr/lib/system/libsystem_stats.dylib
0x0000000005ad0000 	/usr/lib/system/libsystem_trace.dylib
0x0000000005ad0000 	/usr/lib/system/libunc.dylib
0x0000000005ad0000 	/usr/lib/system/libunwind.dylib
0x0000000005ad0000 	/usr/lib/system/libxpc.dylib
0x0000000005ad0000 	/usr/lib/libbz2.1.0.dylib
0x0000000005ad0000 	/usr/lib/liblzma.5.dylib
0x0000000005ad0000 	/usr/lib/libbsm.0.dylib
0x0000000005ad0000 	/usr/lib/libsqlite3.dylib
0x0000000005ad0000 	/usr/lib/system/libkxld.dylib
0x0000000005ad0000 	/usr/lib/libxar.1.dylib
0x0000000005ad0000 	/usr/lib/libpam.2.dylib
0x0000000005ad0000 	/usr/lib/libOpenScriptingUtil.dylib
0x0000000005ad0000 	/System/Library/Frameworks/CoreServices.framework/Versions/A/Frameworks/FSEvents.framework/Versions/A/FSEvents
0x0000000005ad0000 	/System/Library/Frameworks/CoreServices.framework/Versions/A/Frameworks/CarbonCore.framework/Versions/A/CarbonCore
0x0000000005ad0000 	/System/Library/Frameworks/CoreServices.framework/Versions/A/Frameworks/Metadata.framework/Versions/A/Metadata
0x0000000005ad0000 	/System/Library/Frameworks/CoreServices.framework/Versions/A/Frameworks/OSServices.framework/Versions/A/OSServices
0x0000000005ad0000 	/System/Library/Frameworks/CoreServices.framework/Versions/A/Frameworks/SearchKit.framework/Versions/A/SearchKit
0x0000000005ad0000 	/System/Library/Frameworks/CoreServices.framework/Versions/A/Frameworks/AE.framework/Versions/A/AE
0x0000000005ad0000 	/System/Library/Frameworks/CoreServices.framework/Versions/A/Frameworks/LaunchServices.framework/Versions/A/LaunchServices
0x0000000005ad0000 	/System/Library/Frameworks/CoreServices.framework/Versions/A/Frameworks/DictionaryServices.framework/Versions/A/DictionaryServices
0x0000000005ad0000 	/System/Library/Frameworks/NetFS.framework/Versions/A/NetFS
0x0000000005ad0000 	/System/Library/PrivateFrameworks/NetAuth.framework/Versions/A/NetAuth
0x0000000005ad0000 	/System/Library/PrivateFrameworks/login.framework/Versions/A/Frameworks/loginsupport.framework/Versions/A/loginsupport
0x0000000005ad0000 	/System/Library/PrivateFrameworks/TCC.framework/Versions/A/TCC
0x0000000005ad0000 	/usr/lib/libmecabra.dylib
0x0000000005ad0000 	/System/Library/Frameworks/ApplicationServices.framework/Versions/A/Frameworks/ATS.framework/Versions/A/ATS
0x0000000005ad0000 	/System/Library/Frameworks/ApplicationServices.framework/Versions/A/Frameworks/ColorSync.framework/Versions/A/ColorSync
0x0000000005ad0000 	/System/Library/Frameworks/ApplicationServices.framework/Versions/A/Frameworks/HIServices.framework/Versions/A/HIServices
0x0000000005ad0000 	/System/Library/Frameworks/ApplicationServices.framework/Versions/A/Frameworks/LangAnalysis.framework/Versions/A/LangAnalysis
0x0000000005ad0000 	/System/Library/Frameworks/ApplicationServices.framework/Versions/A/Frameworks/PrintCore.framework/Versions/A/PrintCore
0x0000000005ad0000 	/System/Library/Frameworks/ApplicationServices.framework/Versions/A/Frameworks/QD.framework/Versions/A/QD
0x0000000005ad0000 	/System/Library/Frameworks/ApplicationServices.framework/Versions/A/Frameworks/SpeechSynthesis.framework/Versions/A/SpeechSynthesis
0x0000000005ad0000 	/System/Library/Frameworks/Accelerate.framework/Versions/A/Accelerate
0x0000000005ad0000 	/System/Library/Frameworks/Accelerate.framework/Versions/A/Frameworks/vImage.framework/Versions/A/vImage
0x0000000005ad0000 	/System/Library/Frameworks/Accelerate.framework/Versions/A/Frameworks/vecLib.framework/Versions/A/vecLib
0x0000000005ad0000 	/System/Library/Frameworks/Accelerate.framework/Versions/A/Frameworks/vecLib.framework/Versions/A/libvDSP.dylib
0x0000000005ad0000 	/System/Library/Frameworks/Accelerate.framework/Versions/A/Frameworks/vecLib.framework/Versions/A/libvMisc.dylib
0x0000000005ad0000 	/System/Library/Frameworks/Accelerate.framework/Versions/A/Frameworks/vecLib.framework/Versions/A/libLAPACK.dylib
0x0000000005ad0000 	/System/Library/Frameworks/Accelerate.framework/Versions/A/Frameworks/vecLib.framework/Versions/A/libBLAS.dylib
0x0000000005ad0000 	/System/Library/Frameworks/Accelerate.framework/Versions/A/Frameworks/vecLib.framework/Versions/A/libLinearAlgebra.dylib
0x0000000005ad0000 	/System/Library/Frameworks/ApplicationServices.framework/Versions/A/Frameworks/ATS.framework/Versions/A/Resources/libFontParser.dylib
0x0000000005ad0000 	/System/Library/Frameworks/ApplicationServices.framework/Versions/A/Frameworks/ATS.framework/Versions/A/Resources/libFontRegistry.dylib
0x0000000005ad0000 	/System/Library/PrivateFrameworks/AppleVPA.framework/Versions/A/AppleVPA
0x0000000005ad0000 	/System/Library/PrivateFrameworks/AppleJPEG.framework/Versions/A/AppleJPEG
0x0000000005ad0000 	/System/Library/Frameworks/ImageIO.framework/Versions/A/Resources/libJPEG.dylib
0x0000000005ad0000 	/System/Library/Frameworks/ImageIO.framework/Versions/A/Resources/libTIFF.dylib
0x0000000005ad0000 	/System/Library/Frameworks/ImageIO.framework/Versions/A/Resources/libPng.dylib
0x0000000005ad0000 	/System/Library/Frameworks/ImageIO.framework/Versions/A/Resources/libGIF.dylib
0x0000000005ad0000 	/System/Library/Frameworks/ImageIO.framework/Versions/A/Resources/libJP2.dylib
0x0000000005ad0000 	/System/Library/Frameworks/ImageIO.framework/Versions/A/Resources/libRadiance.dylib
0x0000000005ad0000 	/System/Library/Frameworks/CoreVideo.framework/Versions/A/CoreVideo
0x0000000005ad0000 	/System/Library/Frameworks/OpenGL.framework/Versions/A/Libraries/libGLU.dylib
0x0000000005ad0000 	/System/Library/Frameworks/OpenGL.framework/Versions/A/Libraries/libGFXShared.dylib
0x0000000005ad0000 	/System/Library/Frameworks/OpenGL.framework/Versions/A/Libraries/libGL.dylib
0x0000000005ad0000 	/System/Library/Frameworks/OpenGL.framework/Versions/A/Libraries/libGLImage.dylib
0x0000000005ad0000 	/System/Library/Frameworks/OpenGL.framework/Versions/A/Libraries/libCVMSPluginSupport.dylib
0x0000000005ad0000 	/System/Library/Frameworks/OpenGL.framework/Versions/A/Libraries/libCoreVMClient.dylib
0x0000000005ad0000 	/usr/lib/libcups.2.dylib
0x0000000005ad0000 	/System/Library/Frameworks/Kerberos.framework/Versions/A/Kerberos
0x0000000005ad0000 	/System/Library/Frameworks/GSS.framework/Versions/A/GSS
0x0000000005ad0000 	/usr/lib/libresolv.9.dylib
0x0000000005ad0000 	/usr/lib/libiconv.2.dylib
0x0000000005ad0000 	/System/Library/PrivateFrameworks/Heimdal.framework/Versions/A/Heimdal
0x0000000005ad0000 	/usr/lib/libheimdal-asn1.dylib
0x0000000005ad0000 	/System/Library/Frameworks/OpenDirectory.framework/Versions/A/OpenDirectory
0x0000000005ad0000 	/System/Library/PrivateFrameworks/CommonAuth.framework/Versions/A/CommonAuth
0x0000000005ad0000 	/System/Library/Frameworks/OpenDirectory.framework/Versions/A/Frameworks/CFOpenDirectory.framework/Versions/A/CFOpenDirectory
0x0000000005ad0000 	/System/Library/Frameworks/SecurityFoundation.framework/Versions/A/SecurityFoundation
0x0000000005ad0000 	/System/Library/PrivateFrameworks/LanguageModeling.framework/Versions/A/LanguageModeling
0x0000000005ad0000 	/usr/lib/libcmph.dylib
0x0000000005ad0000 	/System/Library/Frameworks/ServiceManagement.framework/Versions/A/ServiceManagement
0x0000000005ad0000 	/usr/lib/libxslt.1.dylib
0x0000000005ad0000 	/System/Library/Frameworks/Carbon.framework/Versions/A/Frameworks/Ink.framework/Versions/A/Ink
0x0000000005ad0000 	/System/Library/Frameworks/QuartzCore.framework/Versions/A/Frameworks/CoreImage.framework/Versions/A/CoreImage
0x0000000005ad0000 	/System/Library/PrivateFrameworks/CrashReporterSupport.framework/Versions/A/CrashReporterSupport
0x0000000005ad0000 	/System/Library/Frameworks/OpenCL.framework/Versions/A/OpenCL
0x0000000005ad0000 	/System/Library/PrivateFrameworks/FaceCore.framework/Versions/A/FaceCore
0x0000000005ad0000 	/System/Library/PrivateFrameworks/Ubiquity.framework/Versions/A/Ubiquity
0x0000000005ad0000 	/System/Library/PrivateFrameworks/IconServices.framework/Versions/A/IconServices
0x0000000005ad0000 	/System/Library/PrivateFrameworks/ChunkingLibrary.framework/Versions/A/ChunkingLibrary
0x0000000005ad0000 	/System/Library/PrivateFrameworks/Apple80211.framework/Versions/A/Apple80211
0x0000000005ad0000 	/System/Library/Frameworks/CoreWLAN.framework/Versions/A/CoreWLAN
0x0000000005ad0000 	/System/Library/Frameworks/IOBluetooth.framework/Versions/A/IOBluetooth
0x0000000005ad0000 	/System/Library/PrivateFrameworks/CoreWiFi.framework/Versions/A/CoreWiFi
0x0000000005ad0000 	/System/Library/Frameworks/CoreBluetooth.framework/Versions/A/CoreBluetooth
0x0000000005ad0000 	/System/Library/PrivateFrameworks/DebugSymbols.framework/Versions/A/DebugSymbols
0x0000000005ad0000 	/System/Library/PrivateFrameworks/CoreSymbolication.framework/Versions/A/CoreSymbolication
0x0000000005ad0000 	/System/Library/PrivateFrameworks/Symbolication.framework/Versions/A/Symbolication
0x0000000005ad0000 	/System/Library/PrivateFrameworks/SpeechRecognitionCore.framework/Versions/A/SpeechRecognitionCore
0x0000000105c0c000 	/Library/Java/JavaVirtualMachines/jdk1.7.0_51.jdk/Contents/Home/jre/lib/server/libjvm.dylib
0x0000000005ad0000 	/usr/lib/libstdc++.6.dylib
0x0000000106779000 	/Library/Java/JavaVirtualMachines/jdk1.7.0_51.jdk/Contents/Home/jre/lib/libverify.dylib
0x0000000106786000 	/Library/Java/JavaVirtualMachines/jdk1.7.0_51.jdk/Contents/Home/jre/lib/libjava.dylib
0x00000001067b7000 	/Library/Java/JavaVirtualMachines/jdk1.7.0_51.jdk/Contents/Home/jre/lib/libjdwp.dylib
0x00000001067f4000 	/Library/Java/JavaVirtualMachines/jdk1.7.0_51.jdk/Contents/Home/jre/lib/libnpt.dylib
0x0000000107008000 	/Library/Java/JavaVirtualMachines/jdk1.7.0_51.jdk/Contents/Home/jre/lib/libzip.dylib
0x000000011087d000 	/System/Library/Frameworks/JavaVM.framework/Frameworks/JavaRuntimeSupport.framework/JavaRuntimeSupport
0x0000000110893000 	/System/Library/Frameworks/JavaVM.framework/Versions/A/Frameworks/JavaNativeFoundation.framework/Versions/A/JavaNativeFoundation
0x00000001108a7000 	/System/Library/Frameworks/JavaVM.framework/Versions/A/JavaVM
0x0000000005ad0000 	/System/Library/Frameworks/Carbon.framework/Versions/A/Carbon
0x00000001108b3000 	/System/Library/PrivateFrameworks/JavaLaunching.framework/Versions/A/JavaLaunching
0x0000000005ad0000 	/System/Library/Frameworks/Carbon.framework/Versions/A/Frameworks/CommonPanels.framework/Versions/A/CommonPanels
0x0000000005ad0000 	/System/Library/Frameworks/Carbon.framework/Versions/A/Frameworks/Help.framework/Versions/A/Help
0x0000000005ad0000 	/System/Library/Frameworks/Carbon.framework/Versions/A/Frameworks/ImageCapture.framework/Versions/A/ImageCapture
0x0000000005ad0000 	/System/Library/Frameworks/Carbon.framework/Versions/A/Frameworks/OpenScripting.framework/Versions/A/OpenScripting
0x0000000005ad0000 	/System/Library/Frameworks/Carbon.framework/Versions/A/Frameworks/Print.framework/Versions/A/Print
0x0000000005ad0000 	/System/Library/Frameworks/Carbon.framework/Versions/A/Frameworks/SecurityHI.framework/Versions/A/SecurityHI
0x00000001121be000 	/Library/Java/JavaVirtualMachines/jdk1.7.0_51.jdk/Contents/Home/jre/lib/libdt_socket.dylib

VM Arguments:
jvm_args: -agentlib:jdwp=transport=dt_socket,suspend=y,address=localhost:51575 -Dfile.encoding=US-ASCII 
java_command: com.hackerrank.dp.TheMaximumSubarray
Launcher Type: SUN_STANDARD

Environment Variables:
PATH=/usr/bin:/bin:/usr/sbin:/sbin
SHELL=/bin/bash

Signal Handlers:
SIGSEGV: [libjvm.dylib+0x525425], sa_mask[0]=0xfffefeff, sa_flags=0x00000043
SIGBUS: [libjvm.dylib+0x525425], sa_mask[0]=0xfffefeff, sa_flags=0x00000042
SIGFPE: [libjvm.dylib+0x41892a], sa_mask[0]=0xfffefeff, sa_flags=0x00000042
SIGPIPE: [libjvm.dylib+0x41892a], sa_mask[0]=0xfffefeff, sa_flags=0x00000042
SIGXFSZ: [libjvm.dylib+0x41892a], sa_mask[0]=0xfffefeff, sa_flags=0x00000042
SIGILL: [libjvm.dylib+0x41892a], sa_mask[0]=0xfffefeff, sa_flags=0x00000042
SIGUSR1: SIG_DFL, sa_mask[0]=0x00000000, sa_flags=0x00000000
SIGUSR2: [libjvm.dylib+0x41841c], sa_mask[0]=0x00000004, sa_flags=0x00000042
SIGHUP: [libjvm.dylib+0x4166ab], sa_mask[0]=0xfffefeff, sa_flags=0x00000042
SIGINT: [libjvm.dylib+0x4166ab], sa_mask[0]=0xfffefeff, sa_flags=0x00000042
SIGTERM: [libjvm.dylib+0x4166ab], sa_mask[0]=0xfffefeff, sa_flags=0x00000042
SIGQUIT: [libjvm.dylib+0x4166ab], sa_mask[0]=0xfffefeff, sa_flags=0x00000042


---------------  S Y S T E M  ---------------

OS:Bsduname:Darwin 14.1.0 Darwin Kernel Version 14.1.0: Mon Dec 22 23:10:38 PST 2014; root:xnu-2782.10.72~2/RELEASE_X86_64 x86_64
rlimit: STACK 8192k, CORE 0k, NPROC 709, NOFILE 10240, AS infinity
load average:1.49 1.50 1.49

CPU:total 4 (4 cores per cpu, 1 threads per core) family 6 model 60 stepping 3, cmov, cx8, fxsr, mmx, sse, sse2, sse3, ssse3, sse4.1, sse4.2, popcnt, avx, avx2, aes, erms, tsc, tscinvbit

Memory: 4k page, physical 8388608k(2097152k free)

/proc/meminfo:


vm_info: Java HotSpot(TM) 64-Bit Server VM (24.51-b03) for bsd-amd64 JRE (1.7.0_51-b13), built on Dec 18 2013 18:45:56 by "java_re" with gcc 4.2.1 (Based on Apple Inc. build 5658) (LLVM build 2336.11.00)

time: Tue Feb 10 22:06:08 2015
elapsed time: 622 seconds

