#
# A fatal error has been detected by the Java Runtime Environment:
#
#  EXCEPTION_ACCESS_VIOLATION (0xc0000005) at pc=0x000000006e48d68b, pid=5524, tid=10316
#
# JRE version: 7.0_17-b02
# Java VM: Java HotSpot(TM) 64-Bit Server VM (23.7-b01 mixed mode windows-amd64 compressed oops)
# Problematic frame:
# V  [jvm.dll+0x11d68b]
#
# Failed to write core dump. Minidumps are not enabled by default on client versions of Windows
#
# If you would like to submit a bug report, please visit:
#   http://bugreport.sun.com/bugreport/crash.jsp
#

---------------  T H R E A D  ---------------

Current thread (0x000000000ba01800):  JavaThread "JDWP Transport Listener: dt_socket" daemon [_thread_in_vm, id=10316, stack(0x000000000d660000,0x000000000d760000)]

siginfo: ExceptionCode=0xc0000005, reading address 0x00003b7961727261

Registers:
RAX=0x000000000d75ef01, RBX=0x000000000ba01800, RCX=0x00003b7961727261, RDX=0x000000000ba01800
RSP=0x000000000d75efa0, RBP=0x00003b7961727261, RSI=0x000000000d75f0b8, RDI=0x0000000000288580
R8 =0x000000000d75f0b8, R9 =0x000001550029001f, R10=0x0000000000000000, R11=0x000000000d75f2ac
R12=0x0000000000000000, R13=0x0000000000000000, R14=0x0000000000000000, R15=0x0000000000000000
RIP=0x000000006e48d68b, EFLAGS=0x0000000000010202

Top of Stack: (sp=0x000000000d75efa0)
0x000000000d75efa0:   000000000ba01800 000000000b9f6300
0x000000000d75efb0:   000000000d75f068 000000006e613f99
0x000000000d75efc0:   000000000ba01800 000000006e62f962
0x000000000d75efd0:   0000000000000000 000000000ba01800
0x000000000d75efe0:   000000000248d3f8 0000000057a3264e
0x000000000d75eff0:   000000000ba01800 0000000000000000
0x000000000d75f000:   0000000000000000 0000000000000000
0x000000000d75f010:   00003b7961727261 0000000057a31745
0x000000000d75f020:   000000000d75f0b8 000000000d75f090
0x000000000d75f030:   0000000000000001 000000000248d3f8
0x000000000d75f040:   00003b7961727261 0000000057a153b3
0x000000000d75f050:   000000000d75f180 0000000000000001
0x000000000d75f060:   0000000000000001 000000000248d3f8
0x000000000d75f070:   000000000000000a 0000000000000000
0x000000000d75f080:   0000000000000000 0000000000000000
0x000000000d75f090:   0000000000000001 0000000057a15571 

Instructions: (pc=0x000000006e48d68b)
0x000000006e48d66b:   48 8b 5c 24 30 48 89 47 18 48 83 c4 20 5f c3 cc
0x000000006e48d67b:   cc cc cc cc cc 40 53 48 83 ec 20 48 85 c9 74 54
0x000000006e48d68b:   48 8b 19 48 85 db 74 4c 48 b8 fe fe fe fe fe fe
0x000000006e48d69b:   fe fe 48 3b d8 74 3d 80 3d 6f e6 58 00 00 74 15 


Register to memory mapping:

RAX=0x000000000d75ef01 is pointing into the stack for thread: 0x000000000ba01800
RBX=0x000000000ba01800 is a thread
RCX=0x00003b7961727261 is an unknown value
RDX=0x000000000ba01800 is a thread
RSP=0x000000000d75efa0 is pointing into the stack for thread: 0x000000000ba01800
RBP=0x00003b7961727261 is an unknown value
RSI=0x000000000d75f0b8 is pointing into the stack for thread: 0x000000000ba01800
RDI=0x0000000000288580 is an unknown value
R8 =0x000000000d75f0b8 is pointing into the stack for thread: 0x000000000ba01800
R9 =0x000001550029001f is an unknown value
R10=0x0000000000000000 is an unknown value
R11=0x000000000d75f2ac is pointing into the stack for thread: 0x000000000ba01800
R12=0x0000000000000000 is an unknown value
R13=0x0000000000000000 is an unknown value
R14=0x0000000000000000 is an unknown value
R15=0x0000000000000000 is an unknown value


Stack: [0x000000000d660000,0x000000000d760000],  sp=0x000000000d75efa0,  free space=1019k
Native frames: (J=compiled Java code, j=interpreted, Vv=VM code, C=native code)
V  [jvm.dll+0x11d68b]


---------------  P R O C E S S  ---------------

Java Threads: ( => current thread )
  0x000000000ba21800 JavaThread "Service Thread" daemon [_thread_blocked, id=2632, stack(0x000000000d9c0000,0x000000000dac0000)]
  0x000000000ba21000 JavaThread "C2 CompilerThread1" daemon [_thread_blocked, id=10952, stack(0x000000000daf0000,0x000000000dbf0000)]
  0x000000000ba1b800 JavaThread "C2 CompilerThread0" daemon [_thread_blocked, id=1320, stack(0x000000000d2c0000,0x000000000d3c0000)]
  0x000000000ba11000 JavaThread "JDWP Command Reader" daemon [_thread_in_native, id=10984, stack(0x000000000d850000,0x000000000d950000)]
  0x000000000ba10000 JavaThread "JDWP Event Helper Thread" daemon [_thread_blocked, id=9388, stack(0x000000000d450000,0x000000000d550000)]
=>0x000000000ba01800 JavaThread "JDWP Transport Listener: dt_socket" daemon [_thread_in_vm, id=10316, stack(0x000000000d660000,0x000000000d760000)]
  0x000000000b9fb800 JavaThread "Attach Listener" daemon [_thread_blocked, id=3004, stack(0x000000000c8a0000,0x000000000c9a0000)]
  0x000000000b9f4800 JavaThread "Signal Dispatcher" daemon [_thread_blocked, id=8108, stack(0x0000000001ce0000,0x0000000001de0000)]
  0x000000000248c000 JavaThread "Finalizer" daemon [_thread_blocked, id=11076, stack(0x000000000ccc0000,0x000000000cdc0000)]
  0x0000000002484000 JavaThread "Reference Handler" daemon [_thread_blocked, id=8796, stack(0x000000000cb60000,0x000000000cc60000)]
  0x000000000028e800 JavaThread "main" [_thread_blocked, id=5728, stack(0x0000000002650000,0x0000000002750000)]

Other Threads:
  0x000000000b972800 VMThread [stack: 0x000000000ca20000,0x000000000cb20000] [id=10764]
  0x000000000ba36800 WatcherThread [stack: 0x000000000dd20000,0x000000000de20000] [id=10756]

VM state:not at safepoint (normal execution)

VM Mutex/Monitor currently owned by a thread: None

Heap
 PSYoungGen      total 37632K, used 1290K [0x00000007d6000000, 0x00000007d8a00000, 0x0000000800000000)
  eden space 32256K, 4% used [0x00000007d6000000,0x00000007d6142978,0x00000007d7f80000)
  from space 5376K, 0% used [0x00000007d84c0000,0x00000007d84c0000,0x00000007d8a00000)
  to   space 5376K, 0% used [0x00000007d7f80000,0x00000007d7f80000,0x00000007d84c0000)
 ParOldGen       total 86016K, used 0K [0x0000000782000000, 0x0000000787400000, 0x00000007d6000000)
  object space 86016K, 0% used [0x0000000782000000,0x0000000782000000,0x0000000787400000)
 PSPermGen       total 21248K, used 3102K [0x000000077ce00000, 0x000000077e2c0000, 0x0000000782000000)
  object space 21248K, 14% used [0x000000077ce00000,0x000000077d1078d8,0x000000077e2c0000)

Card table byte_map: [0x0000000005750000,0x0000000005b70000] byte_map_base: 0x0000000001b69000

Polling page: 0x0000000000230000

Code Cache  [0x0000000002750000, 0x00000000029c0000, 0x0000000005750000)
 total_blobs=164 nmethods=0 adapters=139 free_code_cache=48773Kb largest_free_block=49944000

Compilation events (0 events):
No events

GC Heap History (0 events):
No events

Deoptimization events (0 events):
No events

Internal exceptions (6 events):
Event: 0.025 Thread 0x000000000028e800 Threw 0x00000007d60061a8 at C:\jdk7u2_64p\jdk7u17\hotspot\src\share\vm\prims\jni.cpp:3994
Event: 0.112 Thread 0x000000000028e800 Threw 0x00000007d604b3d0 at C:\jdk7u2_64p\jdk7u17\hotspot\src\share\vm\prims\jvm.cpp:1166
Event: 0.134 Thread 0x000000000028e800 Threw 0x00000007d606b048 at C:\jdk7u2_64p\jdk7u17\hotspot\src\share\vm\prims\jvm.cpp:1166
Event: 0.134 Thread 0x000000000028e800 Threw 0x00000007d606b170 at C:\jdk7u2_64p\jdk7u17\hotspot\src\share\vm\prims\jvm.cpp:1166
Event: 0.135 Thread 0x000000000028e800 Threw 0x00000007d606d6c8 at C:\jdk7u2_64p\jdk7u17\hotspot\src\share\vm\prims\jvm.cpp:1166
Event: 0.135 Thread 0x000000000028e800 Threw 0x00000007d606d7f0 at C:\jdk7u2_64p\jdk7u17\hotspot\src\share\vm\prims\jvm.cpp:1166

Events (10 events):
Event: 111.588 Executing VM operation: GetOrSetLocal
Event: 111.588 Executing VM operation: GetOrSetLocal done
Event: 111.588 Executing VM operation: GetOrSetLocal
Event: 111.588 Executing VM operation: GetOrSetLocal done
Event: 111.596 Executing VM operation: GetOrSetLocal
Event: 111.596 Executing VM operation: GetOrSetLocal done
Event: 111.596 Executing VM operation: GetOrSetLocal
Event: 111.596 Executing VM operation: GetOrSetLocal done
Event: 319.965 Executing VM operation: RedefineClasses
Event: 319.965 Executing VM operation: RedefineClasses done


Dynamic libraries:
0x000000013f670000 - 0x000000013f6a3000 	C:\jdk170_0_17_64Bit\bin\javaw.exe
0x0000000077960000 - 0x0000000077b09000 	C:\WINDOWS\SYSTEM32\ntdll.dll
0x0000000077740000 - 0x000000007785f000 	C:\WINDOWS\system32\kernel32.dll
0x000007fefda40000 - 0x000007fefdaac000 	C:\WINDOWS\system32\KERNELBASE.dll
0x000007fefe000000 - 0x000007fefe0db000 	C:\WINDOWS\system32\ADVAPI32.dll
0x000007fefe9d0000 - 0x000007fefea6f000 	C:\WINDOWS\system32\msvcrt.dll
0x000007fefe540000 - 0x000007fefe55f000 	C:\WINDOWS\SYSTEM32\sechost.dll
0x000007fefea70000 - 0x000007fefeb9d000 	C:\WINDOWS\system32\RPCRT4.dll
0x0000000077860000 - 0x000000007795a000 	C:\WINDOWS\system32\USER32.dll
0x000007fefdf90000 - 0x000007fefdff7000 	C:\WINDOWS\system32\GDI32.dll
0x000007fefdae0000 - 0x000007fefdaee000 	C:\WINDOWS\system32\LPK.dll
0x000007fefe390000 - 0x000007fefe459000 	C:\WINDOWS\system32\USP10.dll
0x000007fefba50000 - 0x000007fefbc44000 	C:\WINDOWS\WinSxS\amd64_microsoft.windows.common-controls_6595b64144ccf1df_6.0.7601.17514_none_fa396087175ac9ac\COMCTL32.dll
0x000007fefe950000 - 0x000007fefe9c1000 	C:\WINDOWS\system32\SHLWAPI.dll
0x000007fefdf60000 - 0x000007fefdf8e000 	C:\WINDOWS\system32\IMM32.DLL
0x000007feff9d0000 - 0x000007feffad9000 	C:\WINDOWS\system32\MSCTF.dll
0x00000000790f0000 - 0x00000000791c1000 	C:\jdk170_0_17_64Bit\jre\bin\msvcr100.dll
0x000000006e370000 - 0x000000006ea8f000 	C:\jdk170_0_17_64Bit\jre\bin\server\jvm.dll
0x000007fef53f0000 - 0x000007fef53f9000 	C:\WINDOWS\system32\WSOCK32.dll
0x000007fefdef0000 - 0x000007fefdf3d000 	C:\WINDOWS\system32\WS2_32.dll
0x000007fefdaf0000 - 0x000007fefdaf8000 	C:\WINDOWS\system32\NSI.dll
0x000007fefc160000 - 0x000007fefc19b000 	C:\WINDOWS\system32\WINMM.dll
0x0000000077b20000 - 0x0000000077b27000 	C:\WINDOWS\system32\PSAPI.DLL
0x000000006ef30000 - 0x000000006ef3f000 	C:\jdk170_0_17_64Bit\jre\bin\verify.dll
0x0000000058560000 - 0x0000000058588000 	C:\jdk170_0_17_64Bit\jre\bin\java.dll
0x0000000057a10000 - 0x0000000057a45000 	C:\jdk170_0_17_64Bit\jre\bin\jdwp.dll
0x000000006f1a0000 - 0x000000006f1a8000 	C:\jdk170_0_17_64Bit\jre\bin\npt.dll
0x0000000058540000 - 0x0000000058555000 	C:\jdk170_0_17_64Bit\jre\bin\zip.dll
0x0000000059f30000 - 0x0000000059f39000 	C:\jdk170_0_17_64Bit\jre\bin\dt_socket.dll
0x000007fefbe70000 - 0x000007fefbe85000 	C:\WINDOWS\system32\NLAapi.dll
0x000007fef52d0000 - 0x000007fef52e5000 	C:\WINDOWS\system32\napinsp.dll
0x000007fef52f0000 - 0x000007fef5309000 	C:\WINDOWS\system32\pnrpnsp.dll
0x000007fefcff0000 - 0x000007fefd045000 	C:\WINDOWS\System32\mswsock.dll
0x000007fefcd40000 - 0x000007fefcd9b000 	C:\WINDOWS\system32\DNSAPI.dll
0x000007fef56e0000 - 0x000007fef56eb000 	C:\WINDOWS\System32\winrnr.dll
0x000007fef52c0000 - 0x000007fef52d0000 	C:\WINDOWS\system32\wshbth.dll
0x000007fefb9f0000 - 0x000007fefba17000 	C:\WINDOWS\system32\IPHLPAPI.DLL
0x000007fefb9e0000 - 0x000007fefb9eb000 	C:\WINDOWS\system32\WINNSI.DLL
0x000007fefb820000 - 0x000007fefb873000 	C:\WINDOWS\System32\fwpuclnt.dll
0x000007fef5a30000 - 0x000007fef5a38000 	C:\WINDOWS\system32\rasadhlp.dll
0x000007fefc8d0000 - 0x000007fefc8d7000 	C:\WINDOWS\System32\wshtcpip.dll
0x000007feecd40000 - 0x000007feece65000 	C:\WINDOWS\system32\dbghelp.dll

VM Arguments:
jvm_args: -agentlib:jdwp=transport=dt_socket,suspend=y,address=localhost:52627 -Dfile.encoding=Cp1252 
java_command: com.hackerrank.dp.TheMaximumSubarray
Launcher Type: SUN_STANDARD

Environment Variables:
JAVA_HOME=C:\jdk170_0_17_64Bit
PATH=C:\jdk170_0_17_64Bit\jre\bin;C:\WINDOWS\system32;C:\WINDOWS;C:\WINDOWS\System32\Wbem;C:\WINDOWS\System32\WindowsPowerShell\v1.0\;C:\jdk170_0_17_64Bit\bin;C:\apache-maven-2.2.1\bin;C:\Program Files (x86)\Python27\Lib;C:\Program Files (x86)\MySQL\MySQL Server 5.5\bin;C:\Users\youskh\AppData\Local\Programs\Git\cmd;C:\Program Files\nodejs\;C:\Users\admin\AppData\Roaming\npm;C:\Languages\Groovy\Groovy-2.3.7\bin;C:\Languages\scala\bin;C:\Languages\typesafe-activator-1.2.10\activator-1.2.10;C:\Program Files\TortoiseGit\bin;C:\Program Files (x86)\Quest Software\PuTTY\;C:\Users\youskh\AppData\Roaming\npm
USERNAME=yousKH
OS=Windows_NT
PROCESSOR_IDENTIFIER=Intel64 Family 6 Model 58 Stepping 9, GenuineIntel



---------------  S Y S T E M  ---------------

OS: Windows 7 , 64 bit Build 7601 Service Pack 1

CPU:total 4 (2 cores per cpu, 2 threads per core) family 6 model 58 stepping 9, cmov, cx8, fxsr, mmx, sse, sse2, sse3, ssse3, sse4.1, sse4.2, popcnt, avx, ht, tsc, tscinvbit, tscinv

Memory: 4k page, physical 8256648k(1475436k free), swap 16511436k(5429832k free)

vm_info: Java HotSpot(TM) 64-Bit Server VM (23.7-b01) for windows-amd64 JRE (1.7.0_17-b02), built on Mar  1 2013 03:38:30 by "java_re" with unknown MS VC++:1600

time: Mon Feb 09 17:07:10 2015
elapsed time: 320 seconds

